<?xml version="1.0" encoding="UTF-8"?>
<testsuite xmlns:xsi="http://www.w3.org/2001/XMLSchema-instance" xsi:noNamespaceSchemaLocation="https://maven.apache.org/surefire/maven-surefire-plugin/xsd/surefire-test-report.xsd" name="runners.CalculatorTest" time="0.637" tests="16" errors="0" skipped="0" failures="0">
  <properties>
[...]
</properties>
  <testcase name="Given I have a calculator" classname="| -2 | 3 | 1 |" time="0.001"/>
  <testcase name="When I add -2 and 3" classname="| -2 | 3 | 1 |" time="0"/>
  <testcase name="Then the result should be 1" classname="| -2 | 3 | 1 |" time="0"/>
  <testcase name="| -2 | 3 | 1 |" classname="| -2 | 3 | 1 |" time="0"/>
  <testcase name="Given I have a calculator" classname="| 10 | 15 | 25 |" time="0"/>
  <testcase name="When I add 10 and 15" classname="| 10 | 15 | 25 |" time="0"/>
  <testcase name="Then the result should be 25" classname="| 10 | 15 | 25 |" time="0"/>
  <testcase name="| 10 | 15 | 25 |" classname="| 10 | 15 | 25 |" time="0"/>
  <testcase name="Given I have a calculator" classname="| 99 | -99 | 0 |" time="0"/>
  <testcase name="When I add 99 and -99" classname="| 99 | -99 | 0 |" time="0"/>
  <testcase name="Then the result should be 0" classname="| 99 | -99 | 0 |" time="0"/>
  <testcase name="| 99 | -99 | 0 |" classname="| 99 | -99 | 0 |" time="0"/>
  <testcase name="Given I have a calculator" classname="| -1 | -10 | -11 |" time="0"/>
  <testcase name="When I add -1 and -10" classname="| -1 | -10 | -11 |" time="0"/>
  <testcase name="Then the result should be -11" classname="| -1 | -10 | -11 |" time="0"/>
  <testcase name="| -1 | -10 | -11 |" classname="| -1 | -10 | -11 |" time="0"/>
</testsuite>